|2025-09-05 12:59:51| Model : lstm, dataset : 201_acc, spliter_ratio : 1:4:95, d_model : 64
|2025-09-05 12:59:51| MAE - 2.7014 MSE - 24.6787 RMSE - 4.9672 MAPE - 0.0369 NMAE - 0.0318 NRMSE - 0.0583 Acc_10 - 0.9169 KendallTau - 0.6234 SpearmanRho - 0.8213 train_time - 5.5158
|2025-09-05 13:01:37| Model : lstm, dataset : 201_acc, spliter_ratio : 3:4:93, d_model : 64
|2025-09-05 13:01:37| MAE - 2.7482 MSE - 25.7639 RMSE - 5.0753 MAPE - 0.0369 NMAE - 0.0323 NRMSE - 0.0595 Acc_10 - 0.9161 KendallTau - 0.6378 SpearmanRho - 0.8310 train_time - 3.1455
|2025-09-05 13:03:37| Model : lstm, dataset : 201_acc, spliter_ratio : 5:4:91, d_model : 64
|2025-09-05 13:03:37| MAE - 2.6776 MSE - 24.4642 RMSE - 4.9456 MAPE - 0.0365 NMAE - 0.0315 NRMSE - 0.0580 Acc_10 - 0.9190 KendallTau - 0.6372 SpearmanRho - 0.8308 train_time - 4.1671
|2025-09-05 13:06:20| Model : lstm, dataset : 201_acc, spliter_ratio : 10:4:86, d_model : 64
|2025-09-05 13:06:20| MAE - 2.6238 MSE - 23.8563 RMSE - 4.8841 MAPE - 0.0357 NMAE - 0.0309 NRMSE - 0.0573 Acc_10 - 0.9328 KendallTau - 0.6443 SpearmanRho - 0.8373 train_time - 8.3758
|2025-09-05 13:08:25| Model : gru, dataset : 201_acc, spliter_ratio : 1:4:95, d_model : 64
|2025-09-05 13:08:25| MAE - 2.7729 MSE - 25.9911 RMSE - 5.0932 MAPE - 0.0375 NMAE - 0.0326 NRMSE - 0.0597 Acc_10 - 0.9116 KendallTau - 0.6237 SpearmanRho - 0.8202 train_time - 5.4553
|2025-09-05 13:10:07| Model : gru, dataset : 201_acc, spliter_ratio : 3:4:93, d_model : 64
|2025-09-05 13:10:07| MAE - 2.7154 MSE - 25.2630 RMSE - 5.0255 MAPE - 0.0366 NMAE - 0.0319 NRMSE - 0.0590 Acc_10 - 0.9174 KendallTau - 0.6382 SpearmanRho - 0.8322 train_time - 2.7679
|2025-09-05 13:12:11| Model : gru, dataset : 201_acc, spliter_ratio : 5:4:91, d_model : 64
|2025-09-05 13:12:11| MAE - 2.7371 MSE - 24.6400 RMSE - 4.9634 MAPE - 0.0372 NMAE - 0.0322 NRMSE - 0.0582 Acc_10 - 0.9176 KendallTau - 0.6338 SpearmanRho - 0.8282 train_time - 4.7582
|2025-09-05 13:15:11| Model : gru, dataset : 201_acc, spliter_ratio : 10:4:86, d_model : 64
|2025-09-05 13:15:11| MAE - 2.5806 MSE - 24.4517 RMSE - 4.9447 MAPE - 0.0354 NMAE - 0.0304 NRMSE - 0.0580 Acc_10 - 0.9330 KendallTau - 0.6477 SpearmanRho - 0.8397 train_time - 10.4989
|2025-09-05 13:19:33| Model : brp-nas, dataset : 201_acc, spliter_ratio : 1:4:95, d_model : 64
|2025-09-05 13:19:33| MAE - 1.8154 MSE - 18.0663 RMSE - 4.2491 MAPE - 0.0249 NMAE - 0.0214 NRMSE - 0.0498 Acc_10 - 0.9529 KendallTau - 0.6973 SpearmanRho - 0.8757 train_time - 19.6901
|2025-09-05 13:24:25| Model : brp-nas, dataset : 201_acc, spliter_ratio : 3:4:93, d_model : 64
|2025-09-05 13:24:25| MAE - 1.3324 MSE - 8.7257 RMSE - 2.9500 MAPE - 0.0183 NMAE - 0.0157 NRMSE - 0.0346 Acc_10 - 0.9752 KendallTau - 0.7457 SpearmanRho - 0.9061 train_time - 24.8109
|2025-09-05 13:29:29| Model : brp-nas, dataset : 201_acc, spliter_ratio : 5:4:91, d_model : 64
|2025-09-05 13:29:29| MAE - 1.1378 MSE - 6.7839 RMSE - 2.6030 MAPE - 0.0161 NMAE - 0.0134 NRMSE - 0.0305 Acc_10 - 0.9803 KendallTau - 0.7888 SpearmanRho - 0.9339 train_time - 29.3632
|2025-09-05 13:35:03| Model : brp-nas, dataset : 201_acc, spliter_ratio : 10:4:86, d_model : 64
|2025-09-05 13:35:03| MAE - 0.8967 MSE - 3.7148 RMSE - 1.9268 MAPE - 0.0122 NMAE - 0.0106 NRMSE - 0.0226 Acc_10 - 0.9856 KendallTau - 0.8225 SpearmanRho - 0.9504 train_time - 34.4281
|2025-09-05 13:39:56| Model : gat, dataset : 201_acc, spliter_ratio : 1:4:95, d_model : 64
|2025-09-05 13:39:56| MAE - 1.5402 MSE - 10.5962 RMSE - 3.2445 MAPE - 0.0209 NMAE - 0.0181 NRMSE - 0.0381 Acc_10 - 0.9626 KendallTau - 0.7434 SpearmanRho - 0.9087 train_time - 15.6738
|2025-09-05 13:47:36| Model : gat, dataset : 201_acc, spliter_ratio : 3:4:93, d_model : 64
|2025-09-05 13:47:36| MAE - 1.1517 MSE - 7.5188 RMSE - 2.7418 MAPE - 0.0162 NMAE - 0.0136 NRMSE - 0.0322 Acc_10 - 0.9803 KendallTau - 0.7823 SpearmanRho - 0.9333 train_time - 38.9370
|2025-09-05 13:56:32| Model : gat, dataset : 201_acc, spliter_ratio : 5:4:91, d_model : 64
|2025-09-05 13:56:32| MAE - 1.0930 MSE - 5.9679 RMSE - 2.4422 MAPE - 0.0153 NMAE - 0.0129 NRMSE - 0.0287 Acc_10 - 0.9819 KendallTau - 0.7926 SpearmanRho - 0.9381 train_time - 50.3876
|2025-09-05 14:07:16| Model : gat, dataset : 201_acc, spliter_ratio : 10:4:86, d_model : 64
|2025-09-05 14:07:16| MAE - 0.9960 MSE - 4.1482 RMSE - 2.0366 MAPE - 0.0134 NMAE - 0.0117 NRMSE - 0.0239 Acc_10 - 0.9846 KendallTau - 0.8030 SpearmanRho - 0.9428 train_time - 71.8496
|2025-09-05 14:24:15| Model : narformer, dataset : 201_acc, spliter_ratio : 1:4:95, d_model : 192
|2025-09-05 14:24:15| MAE - 3.6981 MSE - 42.6533 RMSE - 6.5299 MAPE - 0.0511 NMAE - 0.0435 NRMSE - 0.0766 Acc_10 - 0.8925 KendallTau - 0.5284 SpearmanRho - 0.7207 train_time - 33.9173
|2025-09-05 14:54:35| Model : narformer, dataset : 201_acc, spliter_ratio : 3:4:93, d_model : 192
|2025-09-05 14:54:35| MAE - 3.2614 MSE - 40.8098 RMSE - 6.3856 MAPE - 0.0462 NMAE - 0.0384 NRMSE - 0.0749 Acc_10 - 0.8940 KendallTau - 0.3843 SpearmanRho - 0.4969 train_time - 114.9755
|2025-09-05 15:19:27| Model : narformer, dataset : 201_acc, spliter_ratio : 5:4:91, d_model : 192
|2025-09-05 15:19:27| MAE - 3.5135 MSE - 41.1296 RMSE - 6.4100 MAPE - 0.0489 NMAE - 0.0413 NRMSE - 0.0752 Acc_10 - 0.8954 KendallTau - 0.3885 SpearmanRho - 0.5123 train_time - 92.7495
